remote: error: GH013: Repository rule violations found for refs/heads/main.        
remote: 
remote: - GITHUB PUSH PROTECTION        
remote:   —————————————————————————————————————————        
remote:     Resolve the following violations before pushing again        
remote: 
remote:     - Push cannot contain secrets        
remote: 
remote:             
remote:      (?) Learn how to resolve a blocked push        
remote:      https://docs.github.com/code-security/secret-scanning/working-with-secret-scanning-and-push-protection/working-with-push-protection-from-the-command-line#resolving-a-blocked-push        
remote:             
remote:             
remote:       —— Notion API Token ——————————————————————————————————        
remote:        locations:        
remote:          - commit: 999fb2e81664424ce20319fb2e55b4e420d611e1        
remote:            path: api/notion-proxy/[...path].js:26        
remote:          - commit: 999fb2e81664424ce20319fb2e55b4e420d611e1        
remote:            path: fetch-notion.js:10        
remote:          - commit: 999fb2e81664424ce20319fb2e55b4e420d611e1        
remote:            path: src/proxy.conf.json:10        
remote:             
remote:        (?) To push, remove secret from commit(s) or follow this URL to allow the secret.        
remote:        https://github.com/SKIndhumathi/KS-Readymades/security/secret-scanning/unblock-secret/3BOJdNRxZR9PBziuDzEgJFdDKwu        
remote:             
remote: 
remote: 
To https://github.com/SKIndhumathi/KS-Readymades.git
 ! [remote rejected] main -> main (push declined due to repository rule violations)
error: failed to push some refs to 'https://github.com/SKIndhumathi/KS-Readymades.git'
